<?xml version="1.0" encoding="UTF-8"?>
<testng-results ignored="0" total="1" passed="1" failed="0" skipped="0">
  <reporter-output>
  </reporter-output>
  <suite started-at="2025-04-24T20:14:00 IST" name="Suite" finished-at="2025-04-24T20:14:04 IST" duration-ms="3933">
    <groups>
      <group name="regression">
        <method signature="LoginTest.verifyTheUserIsAbleTologinUsingValidCredentials()[pri:0, instance:testScript.LoginTest@19e4653c]" name="verifyTheUserIsAbleTologinUsingValidCredentials" class="testScript.LoginTest"/>
      </group> <!-- regression -->
    </groups>
    <test started-at="2025-04-24T20:14:00 IST" name="Test" finished-at="2025-04-24T20:14:04 IST" duration-ms="3933">
      <class name="testScript.LoginTest">
        <test-method is-config="true" signature="browserInitialization(java.lang.String)[pri:0, instance:testScript.LoginTest@19e4653c]" started-at="2025-04-24T20:14:00 IST" name="browserInitialization" finished-at="2025-04-24T20:14:02 IST" duration-ms="2217" status="PASS">
          <params>
            <param index="0">
              <value>
                <![CDATA[Chrome]]>
              </value>
            </param>
          </params>
          <reporter-output>
          </reporter-output>
        </test-method> <!-- browserInitialization -->
        <test-method signature="verifyTheUserIsAbleTologinUsingValidCredentials()[pri:0, instance:testScript.LoginTest@19e4653c]" started-at="2025-04-24T20:14:02 IST" name="verifyTheUserIsAbleTologinUsingValidCredentials" finished-at="2025-04-24T20:14:03 IST" duration-ms="1478" status="PASS">
          <reporter-output>
          </reporter-output>
        </test-method> <!-- verifyTheUserIsAbleTologinUsingValidCredentials -->
        <test-method is-config="true" signature="driverQuit(org.testng.ITestResult)[pri:0, instance:testScript.LoginTest@19e4653c]" started-at="2025-04-24T20:14:03 IST" name="driverQuit" finished-at="2025-04-24T20:14:04 IST" duration-ms="198" status="PASS">
          <params>
            <param index="0">
              <value>
                <![CDATA[[TestResult name=verifyTheUserIsAbleTologinUsingValidCredentials status=SUCCESS method=LoginTest.verifyTheUserIsAbleTologinUsingValidCredentials()[pri:0, instance:testScript.LoginTest@19e4653c] output={null}]]]>
              </value>
            </param>
          </params>
          <reporter-output>
          </reporter-output>
        </test-method> <!-- driverQuit -->
      </class> <!-- testScript.LoginTest -->
    </test> <!-- Test -->
  </suite> <!-- Suite -->
</testng-results>
