<?xml version="1.0" encoding="UTF-8"?>
<!-- Generated by org.testng.reporters.JUnitXMLReporter -->
<testsuite ignored="2" hostname="JINSHA" failures="0" tests="2" name="ChromeTest" time="9.122" errors="0" timestamp="2025-04-16T21:18:13 IST">
  <testcase classname="testScript.LoginTest" name="verifyTheUserIsAbleTologinUsingValidCredentials" time="1.599"/>
  <testcase classname="testScript.LoginTest" name="verifyTheUserIsAbleTologinUsingInvalidUsernameAndValidPassword" time="0.653"/>
  <testcase classname="testScript.LoginTest" name="verifyTheUserIsAbleTologinUsingValidUsernameAndInvalidPassword" time="0.0">
    <ignored/>
  </testcase> <!-- verifyTheUserIsAbleTologinUsingValidUsernameAndInvalidPassword -->
  <testcase classname="testScript.LoginTest" name="verifyTheUserIsAbleTologinUsingInvalidUsernameAndInvalidPassword" time="0.0">
    <ignored/>
  </testcase> <!-- verifyTheUserIsAbleTologinUsingInvalidUsernameAndInvalidPassword -->
</testsuite> <!-- ChromeTest -->
